[Thu Oct 16 23:25:02 2025] PHP 8.4.11 Development Server (http://localhost:8000) started
[Thu Oct 16 23:25:11 2025] [::1]:63785 Accepted
[Thu Oct 16 23:25:11 2025] [::1]:63785 [200]: GET /admin/test.php
[Thu Oct 16 23:25:11 2025] [::1]:63785 Closing
[Thu Oct 16 23:25:14 2025] [::1]:63788 Accepted
[Thu Oct 16 23:25:14 2025] [::1]:63788 [200]: GET /admin/login.php
[Thu Oct 16 23:25:14 2025] [::1]:63788 Closing
[Thu Oct 16 23:25:17 2025] [::1]:63791 Accepted
[Thu Oct 16 23:25:17 2025] [::1]:63791 [200]: GET /admin/login.php
[Thu Oct 16 23:25:17 2025] [::1]:63791 Closing
[Thu Oct 16 23:25:23 2025] [::1]:63794 Accepted
[Thu Oct 16 23:25:23 2025] [::1]:63794 [302]: POST /admin/login.php
[Thu Oct 16 23:25:23 2025] [::1]:63794 Closing
[Thu Oct 16 23:25:29 2025] [::1]:63797 Accepted
[Thu Oct 16 23:25:29 2025] [::1]:63797 [302]: POST /admin/login.php
[Thu Oct 16 23:25:29 2025] [::1]:63797 Closing
[Thu Oct 16 23:25:29 2025] [::1]:63798 Accepted
[Thu Oct 16 23:25:29 2025] [::1]:63798 [302]: POST /admin/dashboard.php
[Thu Oct 16 23:25:29 2025] [::1]:63798 Closing
[Thu Oct 16 23:25:29 2025] [::1]:63799 Accepted
[Thu Oct 16 23:25:29 2025] [::1]:63799 [200]: POST /admin/login.php
[Thu Oct 16 23:25:29 2025] [::1]:63799 Closing
[Thu Oct 16 23:25:53 2025] [::1]:63809 Accepted
[Thu Oct 16 23:25:53 2025] [::1]:63809 [302]: GET /admin/dashboard.php
[Thu Oct 16 23:25:53 2025] [::1]:63809 Closing
[Thu Oct 16 23:25:58 2025] [::1]:63814 Accepted
[Thu Oct 16 23:25:58 2025] [::1]:63814 [302]: HEAD /admin/dashboard.php
[Thu Oct 16 23:25:58 2025] [::1]:63814 Closing
[Thu Oct 16 23:26:38 2025] [::1]:63825 Accepted
[Thu Oct 16 23:26:38 2025] [::1]:63825 [200]: GET /
[Thu Oct 16 23:26:38 2025] [::1]:63825 Closing
[Thu Oct 16 23:26:38 2025] [::1]:63826 Accepted
[Thu Oct 16 23:26:38 2025] [::1]:63827 Accepted
[Thu Oct 16 23:26:38 2025] [::1]:63826 [200]: GET /assets/vendor/bootstrap/css/bootstrap.min.css
[Thu Oct 16 23:26:38 2025] [::1]:63827 [200]: GET /assets/vendor/bootstrap-icons/bootstrap-icons.css
[Thu Oct 16 23:26:38 2025] [::1]:63828 Accepted
[Thu Oct 16 23:26:38 2025] [::1]:63829 Accepted
[Thu Oct 16 23:26:38 2025] [::1]:63826 Closing
[Thu Oct 16 23:26:38 2025] [::1]:63827 Closing
[Thu Oct 16 23:26:38 2025] [::1]:63828 [200]: GET /assets/vendor/aos/aos.css
[Thu Oct 16 23:26:38 2025] [::1]:63830 Accepted
[Thu Oct 16 23:26:38 2025] [::1]:63829 [200]: GET /assets/vendor/glightbox/css/glightbox.min.css
[Thu Oct 16 23:26:38 2025] [::1]:63831 Accepted
[Thu Oct 16 23:26:38 2025] [::1]:63830 [200]: GET /assets/vendor/swiper/swiper-bundle.min.css
[Thu Oct 16 23:26:38 2025] [::1]:63831 [200]: GET /assets/css/main.css
[Thu Oct 16 23:26:38 2025] [::1]:63828 Closing
[Thu Oct 16 23:26:38 2025] [::1]:63829 Closing
[Thu Oct 16 23:26:38 2025] [::1]:63832 Accepted
[Thu Oct 16 23:26:38 2025] [::1]:63830 Closing
[Thu Oct 16 23:26:38 2025] [::1]:63833 Accepted
[Thu Oct 16 23:26:38 2025] [::1]:63831 Closing
[Thu Oct 16 23:26:38 2025] [::1]:63832 [200]: GET /assets/img/Logo.png
[Thu Oct 16 23:26:38 2025] [::1]:63833 [200]: GET /assets/img/hero-img.png
[Thu Oct 16 23:26:38 2025] [::1]:63834 Accepted
[Thu Oct 16 23:26:38 2025] [::1]:63832 Closing
[Thu Oct 16 23:26:38 2025] [::1]:63835 Accepted
[Thu Oct 16 23:26:38 2025] [::1]:63833 Closing
[Thu Oct 16 23:26:38 2025] [::1]:63834 [200]: GET /assets/img/illustration/illustration-10.webp
[Thu Oct 16 23:26:38 2025] [::1]:63836 Accepted
[Thu Oct 16 23:26:38 2025] [::1]:63834 Closing
[Thu Oct 16 23:26:38 2025] [::1]:63835 [200]: GET /assets/img/person/person-m-7.webp
[Thu Oct 16 23:26:38 2025] [::1]:63837 Accepted
[Thu Oct 16 23:26:38 2025] [::1]:63835 Closing
[Thu Oct 16 23:26:38 2025] [::1]:63836 [200]: GET /assets/img/person/person-m-6.webp
[Thu Oct 16 23:26:38 2025] [::1]:63838 Accepted
[Thu Oct 16 23:26:38 2025] [::1]:63836 Closing
[Thu Oct 16 23:26:38 2025] [::1]:63837 [200]: GET /assets/vendor/bootstrap/js/bootstrap.bundle.min.js
[Thu Oct 16 23:26:38 2025] [::1]:63839 Accepted
[Thu Oct 16 23:26:38 2025] [::1]:63838 [200]: GET /assets/vendor/php-email-form/validate.js
[Thu Oct 16 23:26:38 2025] [::1]:63837 Closing
[Thu Oct 16 23:26:38 2025] [::1]:63840 Accepted
[Thu Oct 16 23:26:38 2025] [::1]:63838 Closing
[Thu Oct 16 23:26:38 2025] [::1]:63839 [200]: GET /assets/vendor/aos/aos.js
[Thu Oct 16 23:26:38 2025] [::1]:63841 Accepted
[Thu Oct 16 23:26:38 2025] [::1]:63839 Closing
[Thu Oct 16 23:26:38 2025] [::1]:63840 [200]: GET /assets/vendor/glightbox/js/glightbox.min.js
[Thu Oct 16 23:26:38 2025] [::1]:63842 Accepted
[Thu Oct 16 23:26:38 2025] [::1]:63840 Closing
[Thu Oct 16 23:26:38 2025] [::1]:63841 [200]: GET /assets/vendor/swiper/swiper-bundle.min.js
[Thu Oct 16 23:26:38 2025] [::1]:63843 Accepted
[Thu Oct 16 23:26:38 2025] [::1]:63844 Accepted
[Thu Oct 16 23:26:38 2025] [::1]:63842 [200]: GET /assets/vendor/waypoints/noframework.waypoints.js
[Thu Oct 16 23:26:38 2025] [::1]:63841 Closing
[Thu Oct 16 23:26:38 2025] [::1]:63843 [200]: GET /assets/vendor/imagesloaded/imagesloaded.pkgd.min.js
[Thu Oct 16 23:26:38 2025] [::1]:63842 Closing
[Thu Oct 16 23:26:38 2025] [::1]:63845 Accepted
[Thu Oct 16 23:26:38 2025] [::1]:63843 Closing
[Thu Oct 16 23:26:38 2025] [::1]:63844 [200]: GET /assets/vendor/isotope-layout/isotope.pkgd.min.js
[Thu Oct 16 23:26:38 2025] [::1]:63846 Accepted
[Thu Oct 16 23:26:38 2025] [::1]:63845 [200]: GET /assets/js/main.js
[Thu Oct 16 23:26:38 2025] [::1]:63844 Closing
[Thu Oct 16 23:26:38 2025] [::1]:63847 Accepted
[Thu Oct 16 23:26:38 2025] [::1]:63845 Closing
[Thu Oct 16 23:26:38 2025] [::1]:63848 Accepted
[Thu Oct 16 23:26:38 2025] [::1]:63846 [200]: GET /assets/img/person/person-m-9.webp
[Thu Oct 16 23:26:38 2025] [::1]:63847 [200]: GET /assets/img/person/person-m-13.webp
[Thu Oct 16 23:26:38 2025] [::1]:63846 Closing
[Thu Oct 16 23:26:38 2025] [::1]:63847 Closing
[Thu Oct 16 23:26:38 2025] [::1]:63848 [200]: GET /assets/img/person/person-m-12.webp
[Thu Oct 16 23:26:38 2025] [::1]:63848 Closing
[Thu Oct 16 23:26:38 2025] [::1]:63849 Accepted
[Thu Oct 16 23:26:38 2025] [::1]:63849 [200]: GET /assets/vendor/bootstrap-icons/fonts/bootstrap-icons.woff2?e34853135f9e39acf64315236852cd5a
[Thu Oct 16 23:26:38 2025] [::1]:63849 Closing
[Thu Oct 16 23:26:38 2025] [::1]:63850 Accepted
[Thu Oct 16 23:26:38 2025] [::1]:63850 [200]: GET /assets/img/logo.png
[Thu Oct 16 23:26:38 2025] [::1]:63850 Closing
[Thu Oct 16 23:26:45 2025] [::1]:63852 Accepted
[Thu Oct 16 23:26:45 2025] [::1]:63853 Accepted
[Thu Oct 16 23:26:46 2025] [::1]:63852 [200]: GET /
[Thu Oct 16 23:26:46 2025] [::1]:63852 Closing
[Thu Oct 16 23:26:46 2025] [::1]:63853 [200]: GET /assets/vendor/bootstrap/css/bootstrap.min.css
[Thu Oct 16 23:26:46 2025] [::1]:63854 Accepted
[Thu Oct 16 23:26:46 2025] [::1]:63855 Accepted
[Thu Oct 16 23:26:46 2025] [::1]:63856 Accepted
[Thu Oct 16 23:26:46 2025] [::1]:63853 Closing
[Thu Oct 16 23:26:46 2025] [::1]:63854 [200]: GET /assets/vendor/bootstrap-icons/bootstrap-icons.css
[Thu Oct 16 23:26:46 2025] [::1]:63857 Accepted
[Thu Oct 16 23:26:46 2025] [::1]:63854 Closing
[Thu Oct 16 23:26:46 2025] [::1]:63855 [200]: GET /assets/vendor/aos/aos.css
[Thu Oct 16 23:26:46 2025] [::1]:63856 [200]: GET /assets/vendor/glightbox/css/glightbox.min.css
[Thu Oct 16 23:26:46 2025] [::1]:63858 Accepted
[Thu Oct 16 23:26:46 2025] [::1]:63857 [200]: GET /assets/vendor/swiper/swiper-bundle.min.css
[Thu Oct 16 23:26:46 2025] [::1]:63859 Accepted
[Thu Oct 16 23:26:46 2025] [::1]:63858 [200]: GET /assets/css/main.css
[Thu Oct 16 23:26:46 2025] [::1]:63855 Closing
[Thu Oct 16 23:26:46 2025] [::1]:63856 Closing
[Thu Oct 16 23:26:46 2025] [::1]:63859 [200]: GET /assets/img/Logo.png
[Thu Oct 16 23:26:46 2025] [::1]:63860 Accepted
[Thu Oct 16 23:26:46 2025] [::1]:63857 Closing
[Thu Oct 16 23:26:46 2025] [::1]:63858 Closing
[Thu Oct 16 23:26:46 2025] [::1]:63861 Accepted
[Thu Oct 16 23:26:46 2025] [::1]:63859 Closing
[Thu Oct 16 23:26:46 2025] [::1]:63862 Accepted
[Thu Oct 16 23:26:46 2025] [::1]:63863 Accepted
[Thu Oct 16 23:26:46 2025] [::1]:63860 [200]: GET /assets/img/hero-img.png
[Thu Oct 16 23:26:46 2025] [::1]:63861 [200]: GET /assets/img/illustration/illustration-10.webp
[Thu Oct 16 23:26:46 2025] [::1]:63862 [200]: GET /assets/img/person/person-m-7.webp
[Thu Oct 16 23:26:46 2025] [::1]:63864 Accepted
[Thu Oct 16 23:26:46 2025] [::1]:63860 Closing
[Thu Oct 16 23:26:46 2025] [::1]:63865 Accepted
[Thu Oct 16 23:26:46 2025] [::1]:63861 Closing
[Thu Oct 16 23:26:46 2025] [::1]:63862 Closing
[Thu Oct 16 23:26:46 2025] [::1]:63863 [200]: GET /assets/img/person/person-m-6.webp
[Thu Oct 16 23:26:46 2025] [::1]:63863 Closing
[Thu Oct 16 23:26:46 2025] [::1]:63866 Accepted
[Thu Oct 16 23:26:46 2025] [::1]:63864 [200]: GET /assets/vendor/bootstrap/js/bootstrap.bundle.min.js
[Thu Oct 16 23:26:46 2025] [::1]:63865 [200]: GET /assets/vendor/php-email-form/validate.js
[Thu Oct 16 23:26:46 2025] [::1]:63867 Accepted
[Thu Oct 16 23:26:46 2025] [::1]:63864 Closing
[Thu Oct 16 23:26:46 2025] [::1]:63865 Closing
[Thu Oct 16 23:26:46 2025] [::1]:63866 [200]: GET /assets/vendor/aos/aos.js
[Thu Oct 16 23:26:46 2025] [::1]:63866 Closing
[Thu Oct 16 23:26:46 2025] [::1]:63868 Accepted
[Thu Oct 16 23:26:46 2025] [::1]:63867 [200]: GET /assets/vendor/glightbox/js/glightbox.min.js
[Thu Oct 16 23:26:46 2025] [::1]:63869 Accepted
[Thu Oct 16 23:26:46 2025] [::1]:63867 Closing
[Thu Oct 16 23:26:46 2025] [::1]:63868 [200]: GET /assets/vendor/swiper/swiper-bundle.min.js
[Thu Oct 16 23:26:46 2025] [::1]:63868 Closing
[Thu Oct 16 23:26:46 2025] [::1]:63870 Accepted
[Thu Oct 16 23:26:46 2025] [::1]:63869 [200]: GET /assets/vendor/waypoints/noframework.waypoints.js
[Thu Oct 16 23:26:46 2025] [::1]:63869 Closing
[Thu Oct 16 23:26:46 2025] [::1]:63871 Accepted
[Thu Oct 16 23:26:46 2025] [::1]:63870 [200]: GET /assets/vendor/imagesloaded/imagesloaded.pkgd.min.js
[Thu Oct 16 23:26:46 2025] [::1]:63872 Accepted
[Thu Oct 16 23:26:46 2025] [::1]:63870 Closing
[Thu Oct 16 23:26:46 2025] [::1]:63871 [200]: GET /assets/vendor/isotope-layout/isotope.pkgd.min.js
[Thu Oct 16 23:26:46 2025] [::1]:63871 Closing
[Thu Oct 16 23:26:46 2025] [::1]:63873 Accepted
[Thu Oct 16 23:26:46 2025] [::1]:63872 [200]: GET /assets/js/main.js
[Thu Oct 16 23:26:46 2025] [::1]:63872 Closing
[Thu Oct 16 23:26:46 2025] [::1]:63874 Accepted
[Thu Oct 16 23:26:46 2025] [::1]:63873 [200]: GET /assets/img/person/person-m-9.webp
[Thu Oct 16 23:26:46 2025] [::1]:63873 Closing
[Thu Oct 16 23:26:46 2025] [::1]:63875 Accepted
[Thu Oct 16 23:26:46 2025] [::1]:63874 [200]: GET /assets/img/person/person-m-13.webp
[Thu Oct 16 23:26:46 2025] [::1]:63875 [200]: GET /assets/img/person/person-m-12.webp
[Thu Oct 16 23:26:46 2025] [::1]:63874 Closing
[Thu Oct 16 23:26:46 2025] [::1]:63875 Closing
[Thu Oct 16 23:26:46 2025] [::1]:63876 Accepted
[Thu Oct 16 23:26:46 2025] [::1]:63876 [200]: GET /assets/vendor/bootstrap-icons/fonts/bootstrap-icons.woff2?e34853135f9e39acf64315236852cd5a
[Thu Oct 16 23:26:46 2025] [::1]:63876 Closing
[Thu Oct 16 23:27:03 2025] [::1]:63877 Accepted
[Thu Oct 16 23:27:03 2025] [::1]:63877 [200]: GET /login.php
[Thu Oct 16 23:27:03 2025] [::1]:63877 Closing
[Thu Oct 16 23:27:03 2025] [::1]:63878 Accepted
[Thu Oct 16 23:27:03 2025] [::1]:63879 Accepted
[Thu Oct 16 23:27:03 2025] [::1]:63878 [200]: GET /assets/vendor/bootstrap/css/bootstrap.min.css
[Thu Oct 16 23:27:03 2025] [::1]:63880 Accepted
[Thu Oct 16 23:27:03 2025] [::1]:63879 [200]: GET /assets/vendor/bootstrap-icons/bootstrap-icons.css
[Thu Oct 16 23:27:03 2025] [::1]:63881 Accepted
[Thu Oct 16 23:27:03 2025] [::1]:63878 Closing
[Thu Oct 16 23:27:03 2025] [::1]:63880 [200]: GET /assets/vendor/aos/aos.css
[Thu Oct 16 23:27:03 2025] [::1]:63882 Accepted
[Thu Oct 16 23:27:03 2025] [::1]:63879 Closing
[Thu Oct 16 23:27:03 2025] [::1]:63881 [200]: GET /assets/vendor/glightbox/css/glightbox.min.css
[Thu Oct 16 23:27:03 2025] [::1]:63883 Accepted
[Thu Oct 16 23:27:03 2025] [::1]:63882 [200]: GET /assets/vendor/swiper/swiper-bundle.min.css
[Thu Oct 16 23:27:03 2025] [::1]:63880 Closing
[Thu Oct 16 23:27:03 2025] [::1]:63883 [200]: GET /assets/css/main.css
[Thu Oct 16 23:27:03 2025] [::1]:63881 Closing
[Thu Oct 16 23:27:03 2025] [::1]:63882 Closing
[Thu Oct 16 23:27:03 2025] [::1]:63884 Accepted
[Thu Oct 16 23:27:03 2025] [::1]:63883 Closing
[Thu Oct 16 23:27:03 2025] [::1]:63885 Accepted
[Thu Oct 16 23:27:03 2025] [::1]:63884 [200]: GET /assets/img/Logo.png
[Thu Oct 16 23:27:03 2025] [::1]:63886 Accepted
[Thu Oct 16 23:27:03 2025] [::1]:63884 Closing
[Thu Oct 16 23:27:03 2025] [::1]:63885 [200]: GET /assets/img/hero-img.png
[Thu Oct 16 23:27:03 2025] [::1]:63887 Accepted
[Thu Oct 16 23:27:03 2025] [::1]:63885 Closing
[Thu Oct 16 23:27:03 2025] [::1]:63886 [200]: GET /assets/img/illustration/illustration-10.webp
[Thu Oct 16 23:27:03 2025] [::1]:63888 Accepted
[Thu Oct 16 23:27:03 2025] [::1]:63886 Closing
[Thu Oct 16 23:27:03 2025] [::1]:63887 [200]: GET /assets/img/person/person-m-7.webp
[Thu Oct 16 23:27:03 2025] [::1]:63887 Closing
[Thu Oct 16 23:27:03 2025] [::1]:63889 Accepted
[Thu Oct 16 23:27:03 2025] [::1]:63888 [200]: GET /assets/img/person/person-m-6.webp
[Thu Oct 16 23:27:03 2025] [::1]:63888 Closing
[Thu Oct 16 23:27:03 2025] [::1]:63889 [200]: GET /assets/vendor/bootstrap/js/bootstrap.bundle.min.js
[Thu Oct 16 23:27:03 2025] [::1]:63889 Closing
[Thu Oct 16 23:27:03 2025] [::1]:63890 Accepted
[Thu Oct 16 23:27:03 2025] [::1]:63891 Accepted
[Thu Oct 16 23:27:03 2025] [::1]:63890 [200]: GET /assets/vendor/php-email-form/validate.js
[Thu Oct 16 23:27:03 2025] [::1]:63892 Accepted
[Thu Oct 16 23:27:03 2025] [::1]:63890 Closing
[Thu Oct 16 23:27:03 2025] [::1]:63891 [200]: GET /assets/vendor/aos/aos.js
[Thu Oct 16 23:27:03 2025] [::1]:63893 Accepted
[Thu Oct 16 23:27:03 2025] [::1]:63892 [200]: GET /assets/vendor/glightbox/js/glightbox.min.js
[Thu Oct 16 23:27:03 2025] [::1]:63894 Accepted
[Thu Oct 16 23:27:03 2025] [::1]:63891 Closing
[Thu Oct 16 23:27:03 2025] [::1]:63893 [200]: GET /assets/vendor/swiper/swiper-bundle.min.js
[Thu Oct 16 23:27:03 2025] [::1]:63895 Accepted
[Thu Oct 16 23:27:03 2025] [::1]:63892 Closing
[Thu Oct 16 23:27:03 2025] [::1]:63894 [200]: GET /assets/vendor/waypoints/noframework.waypoints.js
[Thu Oct 16 23:27:03 2025] [::1]:63896 Accepted
[Thu Oct 16 23:27:03 2025] [::1]:63895 [200]: GET /assets/vendor/imagesloaded/imagesloaded.pkgd.min.js
[Thu Oct 16 23:27:03 2025] [::1]:63897 Accepted
[Thu Oct 16 23:27:03 2025] [::1]:63893 Closing
[Thu Oct 16 23:27:03 2025] [::1]:63896 [200]: GET /assets/vendor/isotope-layout/isotope.pkgd.min.js
[Thu Oct 16 23:27:03 2025] [::1]:63894 Closing
[Thu Oct 16 23:27:03 2025] [::1]:63898 Accepted
[Thu Oct 16 23:27:03 2025] [::1]:63895 Closing
[Thu Oct 16 23:27:03 2025] [::1]:63897 [200]: GET /assets/js/main.js
[Thu Oct 16 23:27:03 2025] [::1]:63899 Accepted
[Thu Oct 16 23:27:03 2025] [::1]:63898 [200]: GET /assets/img/person/person-m-9.webp
[Thu Oct 16 23:27:03 2025] [::1]:63900 Accepted
[Thu Oct 16 23:27:03 2025] [::1]:63899 [200]: GET /assets/img/person/person-m-13.webp
[Thu Oct 16 23:27:03 2025] [::1]:63896 Closing
[Thu Oct 16 23:27:03 2025] [::1]:63900 [200]: GET /assets/img/person/person-m-12.webp
[Thu Oct 16 23:27:03 2025] [::1]:63897 Closing
[Thu Oct 16 23:27:03 2025] [::1]:63898 Closing
[Thu Oct 16 23:27:03 2025] [::1]:63899 Closing
[Thu Oct 16 23:27:03 2025] [::1]:63900 Closing
[Thu Oct 16 23:27:03 2025] [::1]:63901 Accepted
[Thu Oct 16 23:27:03 2025] [::1]:63901 [200]: GET /assets/vendor/bootstrap-icons/fonts/bootstrap-icons.woff2?e34853135f9e39acf64315236852cd5a
[Thu Oct 16 23:27:03 2025] [::1]:63901 Closing
[Thu Oct 16 23:27:25 2025] [::1]:63903 Accepted
[Thu Oct 16 23:27:25 2025] [::1]:63903 [200]: GET /admin/login.php
[Thu Oct 16 23:27:25 2025] [::1]:63903 Closing
[Thu Oct 16 23:27:25 2025] [::1]:63904 Accepted
[Thu Oct 16 23:27:25 2025] [::1]:63904 [200]: GET /assets/vendor/bootstrap/css/bootstrap.min.css
[Thu Oct 16 23:27:25 2025] [::1]:63905 Accepted
[Thu Oct 16 23:27:25 2025] [::1]:63906 Accepted
[Thu Oct 16 23:27:25 2025] [::1]:63904 Closing
[Thu Oct 16 23:27:25 2025] [::1]:63907 Accepted
[Thu Oct 16 23:27:25 2025] [::1]:63905 [200]: GET /assets/vendor/bootstrap-icons/bootstrap-icons.css
[Thu Oct 16 23:27:25 2025] [::1]:63906 [200]: GET /assets/css/main.css
[Thu Oct 16 23:27:25 2025] [::1]:63907 [200]: GET /assets/vendor/bootstrap/js/bootstrap.bundle.min.js
[Thu Oct 16 23:27:25 2025] [::1]:63905 Closing
[Thu Oct 16 23:27:25 2025] [::1]:63906 Closing
[Thu Oct 16 23:27:25 2025] [::1]:63907 Closing
[Thu Oct 16 23:27:26 2025] [::1]:63908 Accepted
[Thu Oct 16 23:27:26 2025] [::1]:63908 [200]: GET /assets/vendor/bootstrap-icons/fonts/bootstrap-icons.woff2?e34853135f9e39acf64315236852cd5a
[Thu Oct 16 23:27:26 2025] [::1]:63908 Closing
[Thu Oct 16 23:27:26 2025] [::1]:63909 Accepted
[Thu Oct 16 23:27:26 2025] [::1]:63909 [200]: GET /favicon.ico
[Thu Oct 16 23:27:26 2025] [::1]:63909 Closing
[Thu Oct 16 23:27:54 2025] [::1]:63910 Accepted
[Thu Oct 16 23:27:54 2025] [::1]:63910 [302]: POST /admin/login.php
[Thu Oct 16 23:27:54 2025] [::1]:63910 Closing
[Thu Oct 16 23:27:54 2025] [::1]:63911 Accepted
[Thu Oct 16 23:27:54 2025] [::1]:63911 [200]: GET /admin/dashboard.php
[Thu Oct 16 23:27:54 2025] [::1]:63911 Closing
[Thu Oct 16 23:27:54 2025] [::1]:63912 Accepted
[Thu Oct 16 23:27:54 2025] [::1]:63912 [200]: GET /assets/vendor/bootstrap/css/bootstrap.min.css
[Thu Oct 16 23:27:54 2025] [::1]:63912 Closing
[Thu Oct 16 23:27:54 2025] [::1]:63913 Accepted
[Thu Oct 16 23:27:54 2025] [::1]:63914 Accepted
[Thu Oct 16 23:27:54 2025] [::1]:63913 [200]: GET /assets/vendor/bootstrap-icons/bootstrap-icons.css
[Thu Oct 16 23:27:54 2025] [::1]:63914 [200]: GET /assets/css/main.css
[Thu Oct 16 23:27:54 2025] [::1]:63913 Closing
[Thu Oct 16 23:27:54 2025] [::1]:63914 Closing
[Thu Oct 16 23:27:54 2025] [::1]:63915 Accepted
[Thu Oct 16 23:27:54 2025] [::1]:63915 [200]: GET /favicon.ico
[Thu Oct 16 23:27:54 2025] [::1]:63915 Closing
[Thu Oct 16 23:28:07 2025] [::1]:63920 Accepted
[Thu Oct 16 23:28:07 2025] [::1]:63921 Accepted
[Thu Oct 16 23:28:07 2025] [::1]:63922 Accepted
[Thu Oct 16 23:28:07 2025] [::1]:63920 [200]: GET /assets/vendor/bootstrap/css/bootstrap.min.css
[Thu Oct 16 23:28:07 2025] [::1]:63921 [200]: GET /assets/vendor/bootstrap-icons/bootstrap-icons.css
[Thu Oct 16 23:28:07 2025] [::1]:63922 [200]: GET /assets/css/main.css
[Thu Oct 16 23:28:07 2025] [::1]:63920 Closing
[Thu Oct 16 23:28:07 2025] [::1]:63921 Closing
[Thu Oct 16 23:28:07 2025] [::1]:63922 Closing
[Thu Oct 16 23:28:07 2025] [::1]:63923 Accepted
[Thu Oct 16 23:28:07 2025] [::1]:63923 [200]: GET /.well-known/appspecific/com.chrome.devtools.json
[Thu Oct 16 23:28:07 2025] [::1]:63923 Closing
[Thu Oct 16 23:28:07 2025] [::1]:63924 Accepted
[Thu Oct 16 23:28:07 2025] [::1]:63924 [200]: GET /assets/vendor/bootstrap/css/bootstrap.min.css.map
[Thu Oct 16 23:28:07 2025] [::1]:63924 Closing
[Thu Oct 16 23:28:10 2025] [::1]:63937 Accepted
[Thu Oct 16 23:28:10 2025] [::1]:63937 [200]: GET /admin/dashboard.php
[Thu Oct 16 23:28:10 2025] [::1]:63937 Closing
[Thu Oct 16 23:28:10 2025] [::1]:63938 Accepted
[Thu Oct 16 23:28:10 2025] [::1]:63939 Accepted
[Thu Oct 16 23:28:10 2025] [::1]:63938 [200]: GET /assets/vendor/bootstrap/css/bootstrap.min.css
[Thu Oct 16 23:28:10 2025] [::1]:63938 Closing
[Thu Oct 16 23:28:10 2025] [::1]:63939 [200]: GET /assets/vendor/bootstrap-icons/bootstrap-icons.css
[Thu Oct 16 23:28:10 2025] [::1]:63939 Closing
[Thu Oct 16 23:28:10 2025] [::1]:63940 Accepted
[Thu Oct 16 23:28:10 2025] [::1]:63940 [200]: GET /assets/css/main.css
[Thu Oct 16 23:28:10 2025] [::1]:63940 Closing
[Thu Oct 16 23:28:10 2025] [::1]:63941 Accepted
[Thu Oct 16 23:28:10 2025] [::1]:63941 [200]: GET /.well-known/appspecific/com.chrome.devtools.json
[Thu Oct 16 23:28:10 2025] [::1]:63941 Closing
[Thu Oct 16 23:28:10 2025] [::1]:63942 Accepted
[Thu Oct 16 23:28:10 2025] [::1]:63942 [200]: GET /assets/vendor/bootstrap/css/bootstrap.min.css.map
[Thu Oct 16 23:28:10 2025] [::1]:63942 Closing
[Thu Oct 16 23:28:10 2025] [::1]:63943 Accepted
[Thu Oct 16 23:28:10 2025] [::1]:63943 [200]: GET /favicon.ico
[Thu Oct 16 23:28:10 2025] [::1]:63943 Closing
[Thu Oct 16 23:28:50 2025] [::1]:64096 Accepted
[Thu Oct 16 23:28:50 2025] [::1]:64096 [200]: GET /favicon.ico
[Thu Oct 16 23:28:50 2025] [::1]:64096 Closing
[Thu Oct 16 23:29:06 2025] [::1]:64104 Accepted
[Thu Oct 16 23:29:06 2025] [::1]:64105 Accepted
[Thu Oct 16 23:29:06 2025] [::1]:64104 [200]: GET /
[Thu Oct 16 23:29:06 2025] [::1]:64104 Closing
[Thu Oct 16 23:29:06 2025] [::1]:64105 [200]: GET /assets/vendor/bootstrap/css/bootstrap.min.css
[Thu Oct 16 23:29:06 2025] [::1]:64106 Accepted
[Thu Oct 16 23:29:06 2025] [::1]:64107 Accepted
[Thu Oct 16 23:29:06 2025] [::1]:64106 [200]: GET /assets/vendor/bootstrap-icons/bootstrap-icons.css
[Thu Oct 16 23:29:06 2025] [::1]:64108 Accepted
[Thu Oct 16 23:29:06 2025] [::1]:64107 [200]: GET /assets/vendor/aos/aos.css
[Thu Oct 16 23:29:06 2025] [::1]:64109 Accepted
[Thu Oct 16 23:29:06 2025] [::1]:64105 Closing
[Thu Oct 16 23:29:06 2025] [::1]:64108 [200]: GET /assets/vendor/glightbox/css/glightbox.min.css
[Thu Oct 16 23:29:06 2025] [::1]:64110 Accepted
[Thu Oct 16 23:29:06 2025] [::1]:64106 Closing
[Thu Oct 16 23:29:06 2025] [::1]:64109 [200]: GET /assets/vendor/swiper/swiper-bundle.min.css
[Thu Oct 16 23:29:06 2025] [::1]:64110 [200]: GET /assets/css/main.css
[Thu Oct 16 23:29:06 2025] [::1]:64107 Closing
[Thu Oct 16 23:29:06 2025] [::1]:64108 Closing
[Thu Oct 16 23:29:06 2025] [::1]:64109 Closing
[Thu Oct 16 23:29:06 2025] [::1]:64110 Closing
[Thu Oct 16 23:29:06 2025] [::1]:64111 Accepted
[Thu Oct 16 23:29:06 2025] [::1]:64112 Accepted
[Thu Oct 16 23:29:06 2025] [::1]:64113 Accepted
[Thu Oct 16 23:29:06 2025] [::1]:64111 [200]: GET /assets/img/Logo.png
[Thu Oct 16 23:29:06 2025] [::1]:64112 [200]: GET /assets/img/hero-img.png
[Thu Oct 16 23:29:06 2025] [::1]:64114 Accepted
[Thu Oct 16 23:29:06 2025] [::1]:64111 Closing
[Thu Oct 16 23:29:06 2025] [::1]:64115 Accepted
[Thu Oct 16 23:29:06 2025] [::1]:64112 Closing
[Thu Oct 16 23:29:06 2025] [::1]:64116 Accepted
[Thu Oct 16 23:29:06 2025] [::1]:64113 [200]: GET /assets/img/illustration/illustration-10.webp
[Thu Oct 16 23:29:06 2025] [::1]:64114 [200]: GET /assets/img/person/person-m-7.webp
[Thu Oct 16 23:29:06 2025] [::1]:64115 [200]: GET /assets/img/person/person-m-6.webp
[Thu Oct 16 23:29:06 2025] [::1]:64117 Accepted
[Thu Oct 16 23:29:06 2025] [::1]:64113 Closing
[Thu Oct 16 23:29:06 2025] [::1]:64114 Closing
[Thu Oct 16 23:29:06 2025] [::1]:64118 Accepted
[Thu Oct 16 23:29:06 2025] [::1]:64115 Closing
[Thu Oct 16 23:29:06 2025] [::1]:64116 [200]: GET /assets/vendor/bootstrap/js/bootstrap.bundle.min.js
[Thu Oct 16 23:29:06 2025] [::1]:64117 [200]: GET /assets/vendor/php-email-form/validate.js
[Thu Oct 16 23:29:06 2025] [::1]:64119 Accepted
[Thu Oct 16 23:29:06 2025] [::1]:64120 Accepted
[Thu Oct 16 23:29:06 2025] [::1]:64116 Closing
[Thu Oct 16 23:29:06 2025] [::1]:64121 Accepted
[Thu Oct 16 23:29:06 2025] [::1]:64117 Closing
[Thu Oct 16 23:29:06 2025] [::1]:64118 [200]: GET /assets/vendor/aos/aos.js
[Thu Oct 16 23:29:06 2025] [::1]:64122 Accepted
[Thu Oct 16 23:29:06 2025] [::1]:64119 [200]: GET /assets/vendor/glightbox/js/glightbox.min.js
[Thu Oct 16 23:29:06 2025] [::1]:64120 [200]: GET /assets/vendor/swiper/swiper-bundle.min.js
[Thu Oct 16 23:29:06 2025] [::1]:64123 Accepted
[Thu Oct 16 23:29:06 2025] [::1]:64121 [200]: GET /assets/vendor/waypoints/noframework.waypoints.js
[Thu Oct 16 23:29:06 2025] [::1]:64122 [200]: GET /assets/vendor/imagesloaded/imagesloaded.pkgd.min.js
[Thu Oct 16 23:29:06 2025] [::1]:64118 Closing
[Thu Oct 16 23:29:06 2025] [::1]:64123 [200]: GET /assets/vendor/isotope-layout/isotope.pkgd.min.js
[Thu Oct 16 23:29:06 2025] [::1]:64124 Accepted
[Thu Oct 16 23:29:06 2025] [::1]:64119 Closing
[Thu Oct 16 23:29:06 2025] [::1]:64125 Accepted
[Thu Oct 16 23:29:06 2025] [::1]:64121 Closing
[Thu Oct 16 23:29:06 2025] [::1]:64124 [200]: GET /assets/js/main.js
[Thu Oct 16 23:29:06 2025] [::1]:64122 Closing
[Thu Oct 16 23:29:06 2025] [::1]:64120 Closing
[Thu Oct 16 23:29:06 2025] [::1]:64126 Accepted
[Thu Oct 16 23:29:06 2025] [::1]:64125 [200]: GET /assets/img/person/person-m-9.webp
[Thu Oct 16 23:29:06 2025] [::1]:64123 Closing
[Thu Oct 16 23:29:06 2025] [::1]:64127 Accepted
[Thu Oct 16 23:29:06 2025] [::1]:64126 [200]: GET /assets/img/person/person-m-13.webp
[Thu Oct 16 23:29:06 2025] [::1]:64127 [200]: GET /assets/img/person/person-m-12.webp
[Thu Oct 16 23:29:06 2025] [::1]:64124 Closing
[Thu Oct 16 23:29:06 2025] [::1]:64125 Closing
[Thu Oct 16 23:29:06 2025] [::1]:64126 Closing
[Thu Oct 16 23:29:06 2025] [::1]:64127 Closing
[Thu Oct 16 23:29:06 2025] [::1]:64128 Accepted
[Thu Oct 16 23:29:06 2025] [::1]:64128 [200]: GET /assets/vendor/bootstrap-icons/fonts/bootstrap-icons.woff2?e34853135f9e39acf64315236852cd5a
[Thu Oct 16 23:29:06 2025] [::1]:64128 Closing
[Thu Oct 16 23:37:31 2025] [::1]:64268 Accepted
[Thu Oct 16 23:37:31 2025] [::1]:64268 [200]: GET /
[Thu Oct 16 23:37:31 2025] [::1]:64268 Closing
[Thu Oct 16 23:37:46 2025] [::1]:64275 Accepted
[Thu Oct 16 23:37:46 2025] [::1]:64275 [200]: GET /
[Thu Oct 16 23:37:46 2025] [::1]:64275 Closing
[Thu Oct 16 23:37:55 2025] [::1]:64279 Accepted
[Thu Oct 16 23:37:55 2025] [::1]:64279 [200]: GET /
[Thu Oct 16 23:37:55 2025] [::1]:64279 Closing
[Thu Oct 16 23:38:01 2025] [::1]:64284 Accepted
[Thu Oct 16 23:38:01 2025] [::1]:64284 [200]: POST /admin/login.php
[Thu Oct 16 23:38:01 2025] [::1]:64284 Closing
[Thu Oct 16 23:38:56 2025] [::1]:64304 Accepted
[Thu Oct 16 23:38:56 2025] [::1]:64305 Accepted
[Thu Oct 16 23:38:56 2025] [::1]:64304 [200]: GET /assets/img/steps/steps-1.webp
[Thu Oct 16 23:38:56 2025] [::1]:64306 Accepted
[Thu Oct 16 23:38:56 2025] [::1]:64305 [200]: GET /assets/img/steps/steps-2.webp
[Thu Oct 16 23:38:56 2025] [::1]:64306 [200]: GET /assets/img/steps/steps-3.webp
[Thu Oct 16 23:38:56 2025] [::1]:64304 Closing
[Thu Oct 16 23:38:56 2025] [::1]:64305 Closing
[Thu Oct 16 23:38:56 2025] [::1]:64306 Closing
[Thu Oct 16 23:39:26 2025] [::1]:64317 Accepted
[Thu Oct 16 23:39:26 2025] [::1]:64317 [200]: POST /admin/login.php
[Thu Oct 16 23:39:26 2025] [::1]:64317 Closing
[Thu Oct 16 23:39:30 2025] [::1]:64321 Accepted
[Thu Oct 16 23:39:30 2025] [::1]:64321 [200]: POST /admin/login.php
[Thu Oct 16 23:39:30 2025] [::1]:64321 Closing
[Thu Oct 16 23:40:29 2025] [::1]:64340 Accepted
[Thu Oct 16 23:40:29 2025] [::1]:64340 [200]: GET /
[Thu Oct 16 23:40:29 2025] [::1]:64340 Closing
[Thu Oct 16 23:40:29 2025] [::1]:64341 Accepted
[Thu Oct 16 23:40:29 2025] [::1]:64341 [200]: GET /assets/vendor/bootstrap/css/bootstrap.min.css
[Thu Oct 16 23:40:29 2025] [::1]:64342 Accepted
[Thu Oct 16 23:40:29 2025] [::1]:64343 Accepted
[Thu Oct 16 23:40:29 2025] [::1]:64341 Closing
[Thu Oct 16 23:40:29 2025] [::1]:64342 [200]: GET /assets/vendor/bootstrap-icons/bootstrap-icons.css
[Thu Oct 16 23:40:29 2025] [::1]:64344 Accepted
[Thu Oct 16 23:40:29 2025] [::1]:64343 [200]: GET /assets/vendor/aos/aos.css
[Thu Oct 16 23:40:29 2025] [::1]:64345 Accepted
[Thu Oct 16 23:40:29 2025] [::1]:64344 [200]: GET /assets/vendor/glightbox/css/glightbox.min.css
[Thu Oct 16 23:40:29 2025] [::1]:64346 Accepted
[Thu Oct 16 23:40:29 2025] [::1]:64342 Closing
[Thu Oct 16 23:40:29 2025] [::1]:64345 [200]: GET /assets/vendor/swiper/swiper-bundle.min.css
[Thu Oct 16 23:40:29 2025] [::1]:64343 Closing
[Thu Oct 16 23:40:29 2025] [::1]:64346 [200]: GET /assets/css/main.css
[Thu Oct 16 23:40:29 2025] [::1]:64344 Closing
[Thu Oct 16 23:40:29 2025] [::1]:64345 Closing
[Thu Oct 16 23:40:29 2025] [::1]:64346 Closing
[Thu Oct 16 23:40:29 2025] [::1]:64347 Accepted
[Thu Oct 16 23:40:29 2025] [::1]:64348 Accepted
[Thu Oct 16 23:40:29 2025] [::1]:64349 Accepted
[Thu Oct 16 23:40:29 2025] [::1]:64350 Accepted
[Thu Oct 16 23:40:29 2025] [::1]:64351 Accepted
[Thu Oct 16 23:40:29 2025] [::1]:64347 [200]: GET /assets/img/Logo.png
[Thu Oct 16 23:40:29 2025] [::1]:64348 [200]: GET /assets/img/hero-img.png
[Thu Oct 16 23:40:29 2025] [::1]:64349 [200]: GET /assets/img/illustration/illustration-10.webp
[Thu Oct 16 23:40:29 2025] [::1]:64350 [200]: GET /assets/img/person/person-m-7.webp
[Thu Oct 16 23:40:29 2025] [::1]:64352 Accepted
[Thu Oct 16 23:40:29 2025] [::1]:64347 Closing
[Thu Oct 16 23:40:29 2025] [::1]:64348 Closing
[Thu Oct 16 23:40:29 2025] [::1]:64349 Closing
[Thu Oct 16 23:40:29 2025] [::1]:64350 Closing
[Thu Oct 16 23:40:29 2025] [::1]:64351 [200]: GET /assets/img/person/person-m-6.webp
[Thu Oct 16 23:40:29 2025] [::1]:64353 Accepted
[Thu Oct 16 23:40:29 2025] [::1]:64351 Closing
[Thu Oct 16 23:40:29 2025] [::1]:64354 Accepted
[Thu Oct 16 23:40:29 2025] [::1]:64355 Accepted
[Thu Oct 16 23:40:29 2025] [::1]:64352 [200]: GET /assets/vendor/bootstrap/js/bootstrap.bundle.min.js
[Thu Oct 16 23:40:29 2025] [::1]:64354 [200]: GET /assets/vendor/aos/aos.js
[Thu Oct 16 23:40:29 2025] [::1]:64353 [200]: GET /assets/vendor/php-email-form/validate.js
[Thu Oct 16 23:40:29 2025] [::1]:64356 Accepted
[Thu Oct 16 23:40:29 2025] [::1]:64352 Closing
[Thu Oct 16 23:40:29 2025] [::1]:64357 Accepted
[Thu Oct 16 23:40:29 2025] [::1]:64354 Closing
[Thu Oct 16 23:40:29 2025] [::1]:64353 Closing
[Thu Oct 16 23:40:29 2025] [::1]:64355 [200]: GET /assets/vendor/glightbox/js/glightbox.min.js
[Thu Oct 16 23:40:29 2025] [::1]:64358 Accepted
[Thu Oct 16 23:40:29 2025] [::1]:64355 Closing
[Thu Oct 16 23:40:29 2025] [::1]:64356 [200]: GET /assets/vendor/swiper/swiper-bundle.min.js
[Thu Oct 16 23:40:29 2025] [::1]:64359 Accepted
[Thu Oct 16 23:40:29 2025] [::1]:64360 Accepted
[Thu Oct 16 23:40:29 2025] [::1]:64356 Closing
[Thu Oct 16 23:40:29 2025] [::1]:64358 [200]: GET /assets/vendor/imagesloaded/imagesloaded.pkgd.min.js
[Thu Oct 16 23:40:29 2025] [::1]:64359 [200]: GET /assets/vendor/isotope-layout/isotope.pkgd.min.js
[Thu Oct 16 23:40:29 2025] [::1]:64357 [200]: GET /assets/vendor/waypoints/noframework.waypoints.js
[Thu Oct 16 23:40:29 2025] [::1]:64360 [200]: GET /assets/js/main.js
[Thu Oct 16 23:40:29 2025] [::1]:64361 Accepted
[Thu Oct 16 23:40:29 2025] [::1]:64358 Closing
[Thu Oct 16 23:40:29 2025] [::1]:64359 Closing
[Thu Oct 16 23:40:29 2025] [::1]:64357 Closing
[Thu Oct 16 23:40:29 2025] [::1]:64362 Accepted
[Thu Oct 16 23:40:29 2025] [::1]:64360 Closing
[Thu Oct 16 23:40:29 2025] [::1]:64361 [200]: GET /assets/img/person/person-m-9.webp
[Thu Oct 16 23:40:29 2025] [::1]:64363 Accepted
[Thu Oct 16 23:40:29 2025] [::1]:64362 [200]: GET /assets/img/person/person-m-13.webp
[Thu Oct 16 23:40:29 2025] [::1]:64363 [200]: GET /assets/img/person/person-m-12.webp
[Thu Oct 16 23:40:29 2025] [::1]:64361 Closing
[Thu Oct 16 23:40:29 2025] [::1]:64362 Closing
[Thu Oct 16 23:40:29 2025] [::1]:64363 Closing
[Thu Oct 16 23:40:29 2025] [::1]:64364 Accepted
[Thu Oct 16 23:40:29 2025] [::1]:64364 [200]: GET /assets/vendor/bootstrap-icons/fonts/bootstrap-icons.woff2?e34853135f9e39acf64315236852cd5a
[Thu Oct 16 23:40:29 2025] [::1]:64364 Closing
[Thu Oct 16 23:40:29 2025] [::1]:64365 Accepted
[Thu Oct 16 23:40:29 2025] [::1]:64365 [200]: GET /assets/img/logo.png
[Thu Oct 16 23:40:29 2025] [::1]:64365 Closing
[Thu Oct 16 23:40:51 2025] [::1]:64367 Accepted
[Thu Oct 16 23:40:51 2025] [::1]:64367 [302]: POST /admin/login.php
[Thu Oct 16 23:40:51 2025] [::1]:64367 Closing
[Thu Oct 16 23:40:51 2025] [::1]:64368 Accepted
[Thu Oct 16 23:40:51 2025] [::1]:64368 [200]: GET /admin/dashboard.php
[Thu Oct 16 23:40:51 2025] [::1]:64368 Closing
[Thu Oct 16 23:41:06 2025] [::1]:64376 Accepted
[Thu Oct 16 23:41:06 2025] [::1]:64377 Accepted
[Thu Oct 16 23:41:06 2025] [::1]:64378 Accepted
[Thu Oct 16 23:41:06 2025] [::1]:64376 [200]: GET /assets/vendor/bootstrap/css/bootstrap.min.css
[Thu Oct 16 23:41:06 2025] [::1]:64377 [200]: GET /assets/vendor/bootstrap-icons/bootstrap-icons.css
[Thu Oct 16 23:41:06 2025] [::1]:64379 Accepted
[Thu Oct 16 23:41:06 2025] [::1]:64378 [200]: GET /assets/vendor/aos/aos.css
[Thu Oct 16 23:41:06 2025] [::1]:64380 Accepted
[Thu Oct 16 23:41:06 2025] [::1]:64376 Closing
[Thu Oct 16 23:41:06 2025] [::1]:64377 Closing
[Thu Oct 16 23:41:06 2025] [::1]:64379 [200]: GET /assets/vendor/glightbox/css/glightbox.min.css
[Thu Oct 16 23:41:06 2025] [::1]:64381 Accepted
[Thu Oct 16 23:41:06 2025] [::1]:64380 [200]: GET /assets/vendor/swiper/swiper-bundle.min.css
[Thu Oct 16 23:41:06 2025] [::1]:64381 [200]: GET /assets/css/main.css
[Thu Oct 16 23:41:06 2025] [::1]:64378 Closing
[Thu Oct 16 23:41:06 2025] [::1]:64379 Closing
[Thu Oct 16 23:41:06 2025] [::1]:64380 Closing
[Thu Oct 16 23:41:06 2025] [::1]:64381 Closing
[Thu Oct 16 23:41:06 2025] [::1]:64382 Accepted
[Thu Oct 16 23:41:06 2025] [::1]:64382 [200]: GET /.well-known/appspecific/com.chrome.devtools.json
[Thu Oct 16 23:41:06 2025] [::1]:64382 Closing
[Thu Oct 16 23:41:06 2025] [::1]:64383 Accepted
[Thu Oct 16 23:41:06 2025] [::1]:64383 [200]: GET /assets/vendor/bootstrap/js/bootstrap.bundle.min.js.map
[Thu Oct 16 23:41:06 2025] [::1]:64384 Accepted
[Thu Oct 16 23:41:06 2025] [::1]:64384 [200]: GET /assets/vendor/swiper/swiper-bundle.min.js.map
[Thu Oct 16 23:41:06 2025] [::1]:64383 Closing
[Thu Oct 16 23:41:06 2025] [::1]:64384 Closing
[Thu Oct 16 23:41:06 2025] [::1]:64385 Accepted
[Thu Oct 16 23:41:06 2025] [::1]:64385 [200]: GET /assets/vendor/bootstrap/css/bootstrap.min.css.map
[Thu Oct 16 23:41:06 2025] [::1]:64385 Closing
[Thu Oct 16 23:41:20 2025] [::1]:64444 Accepted
[Thu Oct 16 23:41:20 2025] [::1]:64444 [302]: POST /admin/login.php
[Thu Oct 16 23:41:20 2025] [::1]:64444 Closing
[Thu Oct 16 23:41:20 2025] [::1]:64445 Accepted
[Thu Oct 16 23:41:20 2025] [::1]:64445 [200]: GET /admin/dashboard.php
[Thu Oct 16 23:41:20 2025] [::1]:64445 Closing
[Thu Oct 16 23:42:10 2025] [::1]:64653 Accepted
[Thu Oct 16 23:42:10 2025] [::1]:64653 [200]: POST /admin/login.php
[Thu Oct 16 23:42:10 2025] [::1]:64653 Closing
[Thu Oct 16 23:42:29 2025] [::1]:64736 Accepted
[Thu Oct 16 23:42:29 2025] [::1]:64736 [200]: POST /admin/login.php
[Thu Oct 16 23:42:29 2025] [::1]:64736 Closing
[Thu Oct 16 23:42:58 2025] [::1]:64860 Accepted
[Thu Oct 16 23:42:58 2025] [::1]:64860 [200]: POST /admin/login.php
[Thu Oct 16 23:42:58 2025] [::1]:64860 Closing
[Thu Oct 16 23:43:05 2025] [::1]:64888 Accepted
[Thu Oct 16 23:43:05 2025] [::1]:64888 [200]: POST /admin/login.php
[Thu Oct 16 23:43:05 2025] [::1]:64888 Closing
[Thu Oct 16 23:43:12 2025] [::1]:64919 Accepted
[Thu Oct 16 23:43:12 2025] [::1]:64919 [302]: POST /admin/login.php
[Thu Oct 16 23:43:12 2025] [::1]:64919 Closing
[Thu Oct 16 23:43:17 2025] [::1]:64942 Accepted
[Thu Oct 16 23:43:17 2025] [::1]:64942 [302]: POST /admin/login.php
[Thu Oct 16 23:43:17 2025] [::1]:64942 Closing
